Testsuite: ls.utils.Arrays2Test
Tests run: 3, Failures: 0, Errors: 2, Skipped: 0, Time elapsed: 0,085 sec

Testcase: indexOfLowerBound_one_value took 0,018 sec
	Caused an ERROR
10
java.lang.ArrayIndexOutOfBoundsException: 10
	at ls.utils.Arrays2.indexOfLowerBound(Arrays2.java:14)
	at ls.utils.Arrays2Test.indexOfLowerBound_one_value(Arrays2Test.java)

Testcase: indexOfLowerBound_empty_array took 0 sec
Testcase: indexOfLowerBound_value_in_index took 0,001 sec
	Caused an ERROR
10
java.lang.ArrayIndexOutOfBoundsException: 10
	at ls.utils.Arrays2.indexOfLowerBound(Arrays2.java:14)
	at ls.utils.Arrays2Test.indexOfLowerBound_value_in_index(Arrays2Test.java)

